{"/Users/ingrid/dev/rstudio/bias/vue/metrics/src/App.vue": {"path":"/Users/ingrid/dev/rstudio/bias/vue/metrics/src/App.vue","statementMap":{"0":{"start":{"line":14,"column":0},"end":{"line":null,"column":-1}},"1":{"start":{"line":15,"column":0},"end":{"line":null,"column":-1}},"2":{"start":{"line":23,"column":0},"end":{"line":null,"column":-1}}},"fnMap":{},"branchMap":{},"s":{"0":0,"1":0,"2":0},"f":{},"b":{}}
,"/Users/ingrid/dev/rstudio/bias/vue/metrics/src/main.js": {"path":"/Users/ingrid/dev/rstudio/bias/vue/metrics/src/main.js","statementMap":{"0":{"start":{"line":1,"column":0},"end":{"line":null,"column":-1}},"1":{"start":{"line":2,"column":0},"end":{"line":null,"column":-1}},"2":{"start":{"line":3,"column":0},"end":{"line":null,"column":-1}},"3":{"start":{"line":4,"column":0},"end":{"line":null,"column":-1}},"4":{"start":{"line":5,"column":0},"end":{"line":null,"column":-1}},"5":{"start":{"line":6,"column":0},"end":{"line":null,"column":-1}},"6":{"start":{"line":8,"column":0},"end":{"line":null,"column":-1}},"7":{"start":{"line":10,"column":0},"end":{"line":null,"column":-1}},"8":{"start":{"line":11,"column":0},"end":{"line":null,"column":-1}},"9":{"start":{"line":13,"column":0},"end":{"line":null,"column":-1}},"10":{"start":{"line":16,"column":15},"end":{"line":16,"column":16}}},"fnMap":{"0":{"name":"(anonymous_0)","decl":{"start":{"line":16,"column":10},"end":{"line":16,"column":11}},"loc":{"start":{"line":16,"column":15},"end":{"line":16,"column":16}}}},"branchMap":{},"s":{"0":0,"1":0,"2":0,"3":0,"4":0,"5":0,"6":0,"7":0,"8":0,"9":0,"10":0},"f":{"0":0},"b":{}}
,"/Users/ingrid/dev/rstudio/bias/vue/metrics/src/router.js": {"path":"/Users/ingrid/dev/rstudio/bias/vue/metrics/src/router.js","statementMap":{"0":{"start":{"line":1,"column":0},"end":{"line":null,"column":-1}},"1":{"start":{"line":2,"column":0},"end":{"line":null,"column":-1}},"2":{"start":{"line":3,"column":0},"end":{"line":null,"column":-1}},"3":{"start":{"line":5,"column":0},"end":{"line":null,"column":-1}},"4":{"start":{"line":20,"column":17},"end":{"line":null,"column":-1}},"5":{"start":{"line":29,"column":17},"end":{"line":null,"column":-1}}},"fnMap":{"0":{"name":"(anonymous_0)","decl":{"start":{"line":20,"column":17},"end":{"line":21,"column":46}},"loc":{"start":{"line":20,"column":17},"end":{"line":null,"column":-1}}},"1":{"name":"(anonymous_2)","decl":{"start":{"line":29,"column":17},"end":{"line":30,"column":46}},"loc":{"start":{"line":29,"column":17},"end":{"line":null,"column":-1}}}},"branchMap":{},"s":{"0":0,"1":0,"2":0,"3":0,"4":0,"5":0},"f":{"0":0,"1":0},"b":{}}
,"/Users/ingrid/dev/rstudio/bias/vue/metrics/src/api/metrics.js": {"path":"/Users/ingrid/dev/rstudio/bias/vue/metrics/src/api/metrics.js","statementMap":{"0":{"start":{"line":1,"column":0},"end":{"line":null,"column":-1}},"1":{"start":{"line":2,"column":0},"end":{"line":null,"column":-1}},"2":{"start":{"line":6,"column":27},"end":{"line":6,"column":8}},"3":{"start":{"line":7,"column":24},"end":{"line":7,"column":8}},"4":{"start":{"line":9,"column":8},"end":{"line":null,"column":-1}},"5":{"start":{"line":12,"column":16},"end":{"line":null,"column":-1}},"6":{"start":{"line":15,"column":16},"end":{"line":null,"column":-1}},"7":{"start":{"line":16,"column":16},"end":{"line":null,"column":-1}},"8":{"start":{"line":19,"column":8},"end":{"line":null,"column":-1}},"9":{"start":{"line":23,"column":8},"end":{"line":null,"column":-1}},"10":{"start":{"line":24,"column":25},"end":{"line":24,"column":14}}},"fnMap":{"0":{"name":"(anonymous_0)","decl":{"start":{"line":11,"column":19},"end":{"line":11,"column":17}},"loc":{"start":{"line":11,"column":27},"end":{"line":9,"column":14}}},"1":{"name":"(anonymous_1)","decl":{"start":{"line":14,"column":20},"end":{"line":14,"column":18}},"loc":{"start":{"line":14,"column":30},"end":{"line":9,"column":14}}},"2":{"name":"(anonymous_2)","decl":{"start":{"line":24,"column":15},"end":{"line":24,"column":13}},"loc":{"start":{"line":24,"column":25},"end":{"line":24,"column":14}}}},"branchMap":{"0":{"loc":{"start":{"line":19,"column":27},"end":{"line":19,"column":24}},"type":"cond-expr","locations":[{"start":{"line":19,"column":27},"end":{"line":19,"column":24}},{"start":{"line":19,"column":55},"end":{"line":19,"column":8}}]}},"s":{"0":0,"1":0,"2":0,"3":0,"4":0,"5":0,"6":0,"7":0,"8":0,"9":0,"10":0},"f":{"0":0,"1":0,"2":0},"b":{"0":[0,0]}}
,"/Users/ingrid/dev/rstudio/bias/vue/metrics/src/common/metrics.js": {"path":"/Users/ingrid/dev/rstudio/bias/vue/metrics/src/common/metrics.js","statementMap":{"0":{"start":{"line":1,"column":19},"end":{"line":1,"column":0}},"1":{"start":{"line":2,"column":4},"end":{"line":null,"column":-1}}},"fnMap":{"0":{"name":"(anonymous_0)","decl":{"start":{"line":1,"column":19},"end":{"line":1,"column":20}},"loc":{"start":{"line":1,"column":36},"end":{"line":1,"column":0}}}},"branchMap":{},"s":{"0":0,"1":0},"f":{"0":0},"b":{}}
,"/Users/ingrid/dev/rstudio/bias/vue/metrics/src/components/Metrics.vue": {"path":"/Users/ingrid/dev/rstudio/bias/vue/metrics/src/components/Metrics.vue","statementMap":{"0":{"start":{"line":16,"column":0},"end":{"line":null,"column":-1}},"1":{"start":{"line":17,"column":0},"end":{"line":null,"column":-1}},"2":{"start":{"line":18,"column":0},"end":{"line":null,"column":-1}},"3":{"start":{"line":19,"column":0},"end":{"line":null,"column":-1}},"4":{"start":{"line":31,"column":0},"end":{"line":null,"column":-1}},"5":{"start":{"line":32,"column":0},"end":{"line":null,"column":-1}},"6":{"start":{"line":36,"column":0},"end":{"line":null,"column":-1}}},"fnMap":{},"branchMap":{},"s":{"0":0,"1":0,"2":0,"3":0,"4":0,"5":0,"6":0},"f":{},"b":{}}
,"/Users/ingrid/dev/rstudio/bias/vue/metrics/src/components/MetricsGraph.vue": {"path":"/Users/ingrid/dev/rstudio/bias/vue/metrics/src/components/MetricsGraph.vue","statementMap":{"0":{"start":{"line":8,"column":0},"end":{"line":null,"column":-1}},"1":{"start":{"line":9,"column":0},"end":{"line":null,"column":-1}},"2":{"start":{"line":10,"column":0},"end":{"line":null,"column":-1}},"3":{"start":{"line":11,"column":0},"end":{"line":null,"column":-1}},"4":{"start":{"line":23,"column":0},"end":{"line":null,"column":-1}},"5":{"start":{"line":31,"column":0},"end":{"line":35,"column":0}},"6":{"start":{"line":34,"column":0},"end":{"line":null,"column":-1}}},"fnMap":{"0":{"name":"(anonymous_1)","decl":{"start":{"line":31,"column":0},"end":{"line":null,"column":-1}},"loc":{"start":{"line":31,"column":0},"end":{"line":35,"column":0}}}},"branchMap":{},"s":{"0":0,"1":0,"2":0,"3":0,"4":0,"5":0,"6":0},"f":{"0":0},"b":{}}
,"/Users/ingrid/dev/rstudio/bias/vue/metrics/src/components/Profile.vue": {"path":"/Users/ingrid/dev/rstudio/bias/vue/metrics/src/components/Profile.vue","statementMap":{"0":{"start":{"line":10,"column":0},"end":{"line":null,"column":-1}},"1":{"start":{"line":11,"column":0},"end":{"line":null,"column":-1}}},"fnMap":{},"branchMap":{},"s":{"0":0,"1":0},"f":{},"b":{}}
,"/Users/ingrid/dev/rstudio/bias/vue/metrics/src/components/User.vue": {"path":"/Users/ingrid/dev/rstudio/bias/vue/metrics/src/components/User.vue","statementMap":{"0":{"start":{"line":8,"column":0},"end":{"line":null,"column":-1}},"1":{"start":{"line":9,"column":0},"end":{"line":null,"column":-1}}},"fnMap":{},"branchMap":{},"s":{"0":0,"1":0},"f":{},"b":{}}
,"/Users/ingrid/dev/rstudio/bias/vue/metrics/src/components/chart/LineChart.js": {"path":"/Users/ingrid/dev/rstudio/bias/vue/metrics/src/components/chart/LineChart.js","statementMap":{"0":{"start":{"line":1,"column":0},"end":{"line":null,"column":-1}},"1":{"start":{"line":2,"column":25},"end":{"line":2,"column":0}},"2":{"start":{"line":11,"column":4},"end":{"line":null,"column":-1}}},"fnMap":{},"branchMap":{},"s":{"0":0,"1":0,"2":0},"f":{},"b":{}}
,"/Users/ingrid/dev/rstudio/bias/vue/metrics/src/mixins/metrics.js": {"path":"/Users/ingrid/dev/rstudio/bias/vue/metrics/src/mixins/metrics.js","statementMap":{"0":{"start":{"line":5,"column":27},"end":{"line":5,"column":12}},"1":{"start":{"line":10,"column":27},"end":{"line":10,"column":12}},"2":{"start":{"line":15,"column":12},"end":{"line":null,"column":-1}},"3":{"start":{"line":16,"column":30},"end":{"line":16,"column":16}},"4":{"start":{"line":18,"column":16},"end":{"line":30,"column":17}},"5":{"start":{"line":19,"column":20},"end":{"line":null,"column":-1}},"6":{"start":{"line":20,"column":37},"end":{"line":20,"column":24}},"7":{"start":{"line":21,"column":37},"end":{"line":21,"column":24}},"8":{"start":{"line":22,"column":36},"end":{"line":22,"column":24}},"9":{"start":{"line":23,"column":24},"end":{"line":null,"column":-1}},"10":{"start":{"line":29,"column":20},"end":{"line":null,"column":-1}},"11":{"start":{"line":31,"column":16},"end":{"line":null,"column":-1}},"12":{"start":{"line":42,"column":27},"end":{"line":42,"column":12}},"13":{"start":{"line":46,"column":27},"end":{"line":46,"column":12}},"14":{"start":{"line":50,"column":12},"end":{"line":null,"column":-1}},"15":{"start":{"line":51,"column":30},"end":{"line":51,"column":16}},"16":{"start":{"line":53,"column":16},"end":{"line":64,"column":17}},"17":{"start":{"line":54,"column":20},"end":{"line":null,"column":-1}},"18":{"start":{"line":55,"column":37},"end":{"line":55,"column":24}},"19":{"start":{"line":56,"column":43},"end":{"line":56,"column":24}},"20":{"start":{"line":57,"column":24},"end":{"line":null,"column":-1}},"21":{"start":{"line":63,"column":20},"end":{"line":null,"column":-1}},"22":{"start":{"line":65,"column":16},"end":{"line":null,"column":-1}},"23":{"start":{"line":76,"column":12},"end":{"line":null,"column":-1}},"24":{"start":{"line":80,"column":27},"end":{"line":80,"column":12}},"25":{"start":{"line":86,"column":27},"end":{"line":86,"column":12}},"26":{"start":{"line":93,"column":12},"end":{"line":null,"column":-1}},"27":{"start":{"line":94,"column":30},"end":{"line":94,"column":16}},"28":{"start":{"line":95,"column":16},"end":{"line":null,"column":-1}}},"fnMap":{"0":{"name":"(anonymous_0)","decl":{"start":{"line":15,"column":27},"end":{"line":15,"column":29}},"loc":{"start":{"line":15,"column":34},"end":{"line":15,"column":19}}},"1":{"name":"(anonymous_1)","decl":{"start":{"line":19,"column":39},"end":{"line":19,"column":40}},"loc":{"start":{"line":19,"column":49},"end":{"line":19,"column":30}}},"2":{"name":"(anonymous_2)","decl":{"start":{"line":50,"column":27},"end":{"line":50,"column":29}},"loc":{"start":{"line":50,"column":34},"end":{"line":50,"column":19}}},"3":{"name":"(anonymous_3)","decl":{"start":{"line":54,"column":39},"end":{"line":54,"column":40}},"loc":{"start":{"line":54,"column":49},"end":{"line":54,"column":30}}},"4":{"name":"(anonymous_4)","decl":{"start":{"line":93,"column":27},"end":{"line":93,"column":29}},"loc":{"start":{"line":93,"column":34},"end":{"line":93,"column":19}}}},"branchMap":{"0":{"loc":{"start":{"line":16,"column":30},"end":{"line":16,"column":29}},"type":"binary-expr","locations":[{"start":{"line":16,"column":30},"end":{"line":16,"column":29}},{"start":{"line":16,"column":42},"end":{"line":16,"column":16}}]},"1":{"loc":{"start":{"line":18,"column":16},"end":{"line":30,"column":17}},"type":"if","locations":[{"start":{"line":18,"column":16},"end":{"line":30,"column":17}},{"start":{"line":18,"column":16},"end":{"line":30,"column":17}}]},"2":{"loc":{"start":{"line":51,"column":30},"end":{"line":51,"column":29}},"type":"binary-expr","locations":[{"start":{"line":51,"column":30},"end":{"line":51,"column":29}},{"start":{"line":51,"column":42},"end":{"line":51,"column":16}}]},"3":{"loc":{"start":{"line":53,"column":16},"end":{"line":64,"column":17}},"type":"if","locations":[{"start":{"line":53,"column":16},"end":{"line":64,"column":17}},{"start":{"line":53,"column":16},"end":{"line":64,"column":17}}]},"4":{"loc":{"start":{"line":59,"column":48},"end":{"line":59,"column":31}},"type":"cond-expr","locations":[{"start":{"line":59,"column":48},"end":{"line":59,"column":31}},{"start":{"line":59,"column":54},"end":{"line":59,"column":61}}]},"5":{"loc":{"start":{"line":76,"column":51},"end":{"line":76,"column":33}},"type":"cond-expr","locations":[{"start":{"line":76,"column":51},"end":{"line":76,"column":33}},{"start":{"line":76,"column":57},"end":{"line":76,"column":59}}]},"6":{"loc":{"start":{"line":94,"column":30},"end":{"line":94,"column":29}},"type":"binary-expr","locations":[{"start":{"line":94,"column":30},"end":{"line":94,"column":29}},{"start":{"line":94,"column":42},"end":{"line":94,"column":16}}]}},"s":{"0":0,"1":0,"2":0,"3":0,"4":0,"5":0,"6":0,"7":0,"8":0,"9":0,"10":0,"11":0,"12":0,"13":0,"14":0,"15":0,"16":0,"17":0,"18":0,"19":0,"20":0,"21":0,"22":0,"23":0,"24":0,"25":0,"26":0,"27":0,"28":0},"f":{"0":0,"1":0,"2":0,"3":0,"4":0},"b":{"0":[0,0],"1":[0,0],"2":[0,0],"3":[0,0],"4":[0,0],"5":[0,0],"6":[0,0]}}
,"/Users/ingrid/dev/rstudio/bias/vue/metrics/src/mixins/user.js": {"path":"/Users/ingrid/dev/rstudio/bias/vue/metrics/src/mixins/user.js","statementMap":{"0":{"start":{"line":1,"column":0},"end":{"line":null,"column":-1}},"1":{"start":{"line":2,"column":0},"end":{"line":null,"column":-1}},"2":{"start":{"line":12,"column":12},"end":{"line":null,"column":-1}},"3":{"start":{"line":14,"column":28},"end":{"line":12,"column":12}}},"fnMap":{"0":{"name":"(anonymous_0)","decl":{"start":{"line":14,"column":22},"end":{"line":14,"column":27}},"loc":{"start":{"line":14,"column":28},"end":{"line":12,"column":12}}}},"branchMap":{},"s":{"0":0,"1":0,"2":0,"3":0},"f":{"0":0},"b":{}}
,"/Users/ingrid/dev/rstudio/bias/vue/metrics/src/store/index.js": {"path":"/Users/ingrid/dev/rstudio/bias/vue/metrics/src/store/index.js","statementMap":{"0":{"start":{"line":1,"column":0},"end":{"line":null,"column":-1}},"1":{"start":{"line":2,"column":0},"end":{"line":null,"column":-1}},"2":{"start":{"line":3,"column":0},"end":{"line":null,"column":-1}},"3":{"start":{"line":4,"column":0},"end":{"line":null,"column":-1}},"4":{"start":{"line":6,"column":0},"end":{"line":null,"column":-1}}},"fnMap":{},"branchMap":{},"s":{"0":0,"1":0,"2":0,"3":0,"4":0},"f":{},"b":{}}
,"/Users/ingrid/dev/rstudio/bias/vue/metrics/src/store/modules/cpu.js": {"path":"/Users/ingrid/dev/rstudio/bias/vue/metrics/src/store/modules/cpu.js","statementMap":{"0":{"start":{"line":3,"column":21},"end":{"line":3,"column":0}},"1":{"start":{"line":7,"column":16},"end":{"line":7,"column":0}},"2":{"start":{"line":8,"column":25},"end":{"line":8,"column":31}},"3":{"start":{"line":11,"column":16},"end":{"line":11,"column":0}},"4":{"start":{"line":13,"column":8},"end":{"line":null,"column":-1}},"5":{"start":{"line":17,"column":18},"end":{"line":17,"column":0}},"6":{"start":{"line":19,"column":8},"end":{"line":null,"column":-1}}},"fnMap":{"0":{"name":"(anonymous_0)","decl":{"start":{"line":8,"column":16},"end":{"line":8,"column":20}},"loc":{"start":{"line":8,"column":25},"end":{"line":8,"column":31}}}},"branchMap":{"0":{"loc":{"start":{"line":19,"column":24},"end":{"line":19,"column":31}},"type":"binary-expr","locations":[{"start":{"line":19,"column":24},"end":{"line":19,"column":31}},{"start":{"line":19,"column":35},"end":{"line":19,"column":8}}]}},"s":{"0":0,"1":0,"2":0,"3":0,"4":0,"5":0,"6":0},"f":{"0":0},"b":{"0":[0,0]}}
,"/Users/ingrid/dev/rstudio/bias/vue/metrics/src/store/modules/user.js": {"path":"/Users/ingrid/dev/rstudio/bias/vue/metrics/src/store/modules/user.js","statementMap":{"0":{"start":{"line":3,"column":21},"end":{"line":3,"column":0}},"1":{"start":{"line":12,"column":16},"end":{"line":12,"column":0}},"2":{"start":{"line":13,"column":22},"end":{"line":12,"column":16}},"3":{"start":{"line":14,"column":22},"end":{"line":12,"column":16}},"4":{"start":{"line":15,"column":27},"end":{"line":12,"column":16}},"5":{"start":{"line":16,"column":26},"end":{"line":12,"column":16}},"6":{"start":{"line":17,"column":26},"end":{"line":17,"column":37}},"7":{"start":{"line":20,"column":16},"end":{"line":20,"column":0}},"8":{"start":{"line":22,"column":8},"end":{"line":null,"column":-1}},"9":{"start":{"line":26,"column":18},"end":{"line":26,"column":0}},"10":{"start":{"line":28,"column":8},"end":{"line":null,"column":-1}}},"fnMap":{"0":{"name":"(anonymous_0)","decl":{"start":{"line":13,"column":13},"end":{"line":13,"column":17}},"loc":{"start":{"line":13,"column":22},"end":{"line":12,"column":16}}},"1":{"name":"(anonymous_1)","decl":{"start":{"line":14,"column":13},"end":{"line":14,"column":17}},"loc":{"start":{"line":14,"column":22},"end":{"line":12,"column":16}}},"2":{"name":"(anonymous_2)","decl":{"start":{"line":15,"column":18},"end":{"line":15,"column":22}},"loc":{"start":{"line":15,"column":27},"end":{"line":12,"column":16}}},"3":{"name":"(anonymous_3)","decl":{"start":{"line":16,"column":17},"end":{"line":16,"column":21}},"loc":{"start":{"line":16,"column":26},"end":{"line":12,"column":16}}},"4":{"name":"(anonymous_4)","decl":{"start":{"line":17,"column":17},"end":{"line":17,"column":21}},"loc":{"start":{"line":17,"column":26},"end":{"line":17,"column":37}}}},"branchMap":{"0":{"loc":{"start":{"line":28,"column":21},"end":{"line":28,"column":25}},"type":"binary-expr","locations":[{"start":{"line":28,"column":21},"end":{"line":28,"column":25}},{"start":{"line":28,"column":29},"end":{"line":28,"column":8}}]}},"s":{"0":0,"1":0,"2":0,"3":0,"4":0,"5":0,"6":0,"7":0,"8":0,"9":0,"10":0},"f":{"0":0,"1":0,"2":0,"3":0,"4":0},"b":{"0":[0,0]}}
,"/Users/ingrid/dev/rstudio/bias/vue/metrics/src/views/Metrics.vue": {"path":"/Users/ingrid/dev/rstudio/bias/vue/metrics/src/views/Metrics.vue","statementMap":{"0":{"start":{"line":7,"column":0},"end":{"line":null,"column":-1}}},"fnMap":{},"branchMap":{},"s":{"0":0},"f":{},"b":{}}
,"/Users/ingrid/dev/rstudio/bias/vue/metrics/src/views/Profile.vue": {"path":"/Users/ingrid/dev/rstudio/bias/vue/metrics/src/views/Profile.vue","statementMap":{"0":{"start":{"line":7,"column":0},"end":{"line":null,"column":-1}}},"fnMap":{},"branchMap":{},"s":{"0":0},"f":{},"b":{}}
}
